<?xml version="1.0" encoding="UTF-8"?>
<!-- Generated by org.testng.reporters.JUnitXMLReporter -->
<testsuite hostname="DESKTOP-17L4VUB" ignored="0" name="Default test" tests="6" failures="0" timestamp="02 Jul 2022 13:18:59 GMT" time="0.064" errors="0">
  <testcase name="naveen" time="0.015" classname="org.test.Testng"/>
  <testcase name="prakash" time="0.0" classname="org.test.Testng"/>
  <testcase name="hari" time="0.0" classname="org.test.Testng"/>
  <testcase name="hema" time="0.0" classname="org.test.Testng"/>
  <testcase name="hema" time="0.0" classname="org.test.Testng"/>
  <testcase name="sasi" time="0.0" classname="org.test.Testng"/>
</testsuite> <!-- Default test -->
